TN:
SF:src\components\Form\Button\index.tsx
FN:11,Button
FNF:1
FNH:1
FNDA:4,Button
DA:16,4
LF:1
LH:1
BRF:0
BRH:0
end_of_record
TN:
SF:src\components\Form\CategorySelectButton\index.tsx
FN:14,CategorySelectButton
FNF:1
FNH:1
FNDA:2,CategorySelectButton
DA:19,2
LF:1
LH:1
BRF:0
BRH:0
end_of_record
TN:
SF:src\components\Form\Input\index.tsx
FN:10,Input
FNF:1
FNH:1
FNDA:5,Input
DA:14,5
LF:1
LH:1
BRDA:11,0,0,4
BRF:1
BRH:1
end_of_record
TN:
SF:src\components\Form\InputForm\index.tsx
FN:15,InputForm
FN:25,(anonymous_1)
FNF:2
FNH:2
FNDA:4,InputForm
FNDA:4,(anonymous_1)
DA:21,4
DA:26,4
LF:2
LH:2
BRDA:34,0,0,4
BRDA:34,0,1,0
BRF:2
BRH:1
end_of_record
TN:
SF:src\components\Form\TransactionTypeButton\index.tsx
FN:22,TransactionTypeButton
FNF:1
FNH:1
FNDA:4,TransactionTypeButton
DA:11,1
DA:28,4
LF:2
LH:2
BRF:0
BRH:0
end_of_record
TN:
SF:src\components\HighlightCard\index.tsx
FN:25,HighlightCard
FNF:1
FNH:0
FNDA:0,HighlightCard
DA:19,0
DA:26,0
LF:2
LH:0
BRF:0
BRH:0
end_of_record
TN:
SF:src\components\HistoryCard\index.tsx
FN:15,HistoryCard
FNF:1
FNH:0
FNDA:0,HistoryCard
DA:20,0
LF:1
LH:0
BRF:0
BRH:0
end_of_record
TN:
SF:src\components\SignInSocialButton\index.tsx
FN:16,SignInSocialButton
FNF:1
FNH:0
FNDA:0,SignInSocialButton
DA:21,0
LF:1
LH:0
BRF:0
BRH:0
end_of_record
TN:
SF:src\components\TransactionCard\index.tsx
FN:27,TransactionCard
FN:29,(anonymous_1)
FNF:2
FNH:0
FNDA:0,TransactionCard
FNDA:0,(anonymous_1)
DA:28,0
DA:29,0
DA:32,0
LF:3
LH:0
BRDA:37,0,0,0
BRDA:37,0,1,0
BRF:2
BRH:0
end_of_record
TN:
SF:src\hooks\auth.tsx
FN:45,AuthProvider
FN:51,sighInWithGoogle
FN:77,sighInWithApple
FN:106,signOut
FN:112,(anonymous_4)
FN:113,loadUserStorageDate
FN:140,useAuth
FNF:7
FNH:5
FNDA:7,AuthProvider
FNDA:3,sighInWithGoogle
FNDA:0,sighInWithApple
FNDA:0,signOut
FNDA:3,(anonymous_4)
FNDA:3,loadUserStorageDate
FNDA:9,useAuth
DA:14,2
DA:15,2
DA:43,2
DA:46,7
DA:47,7
DA:49,7
DA:52,3
DA:53,3
DA:54,3
DA:56,3
DA:58,3
DA:61,2
DA:62,1
DA:63,1
DA:65,1
DA:73,1
DA:78,0
DA:79,0
DA:86,0
DA:87,0
DA:88,0
DA:90,0
DA:97,0
DA:98,0
DA:102,0
DA:107,0
DA:109,0
DA:112,7
DA:114,3
DA:116,3
DA:117,0
DA:118,0
DA:121,3
DA:124,3
DA:127,7
DA:141,9
DA:143,9
LF:37
LH:24
BRDA:61,0,0,1
BRDA:61,0,1,1
BRDA:86,1,0,0
BRDA:86,1,1,0
BRDA:116,2,0,0
BRDA:116,2,1,3
BRF:6
BRH:3
end_of_record
TN:
SF:src\routes\app.routes.tsx
FN:13,AppRoutes
FN:32,(anonymous_1)
FN:46,(anonymous_2)
FN:60,(anonymous_3)
FNF:4
FNH:0
FNDA:0,AppRoutes
FNDA:0,(anonymous_1)
FNDA:0,(anonymous_2)
FNDA:0,(anonymous_3)
DA:11,0
DA:14,0
DA:16,0
DA:33,0
DA:47,0
DA:61,0
LF:6
LH:0
BRDA:23,0,0,0
BRDA:23,0,1,0
BRF:2
BRH:0
end_of_record
TN:
SF:src\routes\auth.routes.tsx
FN:8,AuthRoutes
FNF:1
FNH:0
FNDA:0,AuthRoutes
DA:6,0
DA:9,0
LF:2
LH:0
BRF:0
BRH:0
end_of_record
TN:
SF:src\routes\index.tsx
FN:9,Routes
FNF:1
FNH:0
FNDA:0,Routes
DA:11,0
DA:15,0
LF:2
LH:0
BRDA:17,0,0,0
BRDA:17,0,1,0
BRF:2
BRH:0
end_of_record
TN:
SF:src\screens\CategorySelect\index.tsx
FN:30,CategorySelect
FN:35,handleCategorySelect
FN:48,(anonymous_2)
FN:49,(anonymous_3)
FN:51,(anonymous_4)
FN:58,(anonymous_5)
FNF:6
FNH:4
FNDA:2,CategorySelect
FNDA:0,handleCategorySelect
FNDA:12,(anonymous_2)
FNDA:12,(anonymous_3)
FNDA:0,(anonymous_4)
FNDA:10,(anonymous_5)
DA:36,0
DA:39,2
DA:48,12
DA:50,12
DA:51,0
DA:58,10
LF:6
LH:4
BRF:0
BRH:0
end_of_record
TN:
SF:src\screens\Dashboard\index.tsx
FN:46,Dashboard
FN:54,getLastTransactionDate
FN:57,(anonymous_2)
FN:65,(anonymous_3)
FN:70,loadTransactions
FN:79,(anonymous_5)
FN:150,(anonymous_6)
FN:154,(anonymous_7)
FN:195,(anonymous_8)
FN:196,(anonymous_9)
FNF:10
FNH:0
FNDA:0,Dashboard
FNDA:0,getLastTransactionDate
FNDA:0,(anonymous_2)
FNDA:0,(anonymous_3)
FNDA:0,loadTransactions
FNDA:0,(anonymous_5)
FNDA:0,(anonymous_6)
FNDA:0,(anonymous_7)
FNDA:0,(anonymous_8)
FNDA:0,(anonymous_9)
DA:47,0
DA:48,0
DA:49,0
DA:51,0
DA:52,0
DA:56,0
DA:57,0
DA:59,0
DA:60,0
DA:63,0
DA:65,0
DA:67,0
DA:71,0
DA:72,0
DA:73,0
DA:75,0
DA:76,0
DA:78,0
DA:81,0
DA:82,0
DA:84,0
DA:87,0
DA:93,0
DA:99,0
DA:109,0
DA:111,0
DA:112,0
DA:113,0
DA:117,0
DA:119,0
DA:147,0
DA:150,0
DA:151,0
DA:154,0
DA:155,0
DA:158,0
DA:195,0
DA:196,0
LF:38
LH:0
BRDA:59,0,0,0
BRDA:59,0,1,0
BRDA:73,1,0,0
BRDA:73,1,1,0
BRDA:81,2,0,0
BRDA:81,2,1,0
BRDA:113,3,0,0
BRDA:113,3,1,0
BRDA:125,4,0,0
BRDA:125,4,1,0
BRDA:134,5,0,0
BRDA:134,5,1,0
BRDA:161,6,0,0
BRDA:161,6,1,0
BRF:14
BRH:0
end_of_record
TN:
SF:src\screens\Profile\index.tsx
FN:13,Profile
FN:36,(anonymous_1)
FNF:2
FNH:1
FNDA:3,Profile
FNDA:0,(anonymous_1)
DA:14,3
LF:1
LH:1
BRF:0
BRH:0
end_of_record
TN:
SF:src\screens\Register\index.tsx
FN:50,Register
FN:72,handleTransactionsTypeSelect
FN:76,handleOpenSelectCategoryModal
FN:80,handleCloseSelectCategoryModal
FN:84,handleRegister
FN:157,(anonymous_5)
FN:163,(anonymous_6)
FNF:7
FNH:2
FNDA:2,Register
FNDA:0,handleTransactionsTypeSelect
FNDA:1,handleOpenSelectCategoryModal
FNDA:0,handleCloseSelectCategoryModal
FNDA:0,handleRegister
FNDA:0,(anonymous_5)
FNDA:0,(anonymous_6)
DA:39,1
DA:51,2
DA:52,2
DA:54,2
DA:56,2
DA:68,2
DA:73,0
DA:77,1
DA:81,0
DA:86,0
DA:87,0
DA:89,0
DA:90,0
DA:92,0
DA:101,0
DA:102,0
DA:103,0
DA:104,0
DA:106,0
DA:111,0
DA:113,0
DA:114,0
DA:115,0
DA:119,0
DA:122,0
DA:123,0
DA:128,2
DA:157,0
DA:163,0
LF:29
LH:8
BRDA:86,0,0,0
BRDA:86,0,1,0
BRDA:89,1,0,0
BRDA:89,1,1,0
BRDA:104,2,0,0
BRDA:104,2,1,0
BRDA:144,3,0,2
BRDA:144,3,1,0
BRDA:151,4,0,2
BRDA:151,4,1,0
BRF:10
BRH:2
end_of_record
TN:
SF:src\screens\Resume\index.tsx
FN:50,Resume
FN:58,handleDateChange
FN:66,loadData
FN:73,(anonymous_3)
FN:80,(anonymous_4)
FN:86,(anonymous_5)
FN:90,(anonymous_6)
FN:124,(anonymous_7)
FN:149,(anonymous_8)
FN:159,(anonymous_9)
FN:167,(anonymous_10)
FN:182,(anonymous_11)
FNF:12
FNH:0
FNDA:0,Resume
FNDA:0,handleDateChange
FNDA:0,loadData
FNDA:0,(anonymous_3)
FNDA:0,(anonymous_4)
FNDA:0,(anonymous_5)
FNDA:0,(anonymous_6)
FNDA:0,(anonymous_7)
FNDA:0,(anonymous_8)
FNDA:0,(anonymous_9)
FNDA:0,(anonymous_10)
FNDA:0,(anonymous_11)
DA:51,0
DA:52,0
DA:53,0
DA:55,0
DA:56,0
DA:59,0
DA:60,0
DA:62,0
DA:67,0
DA:68,0
DA:69,0
DA:70,0
DA:72,0
DA:74,0
DA:79,0
DA:81,0
DA:84,0
DA:86,0
DA:88,0
DA:90,0
DA:91,0
DA:92,0
DA:97,0
DA:98,0
DA:104,0
DA:105,0
DA:107,0
DA:120,0
DA:121,0
DA:124,0
DA:125,0
DA:128,0
DA:149,0
DA:159,0
DA:167,0
DA:183,0
LF:36
LH:0
BRDA:59,0,0,0
BRDA:59,0,1,0
BRDA:70,1,0,0
BRDA:70,1,1,0
BRDA:74,2,0,0
BRDA:74,2,1,0
BRDA:74,2,2,0
BRDA:91,3,0,0
BRDA:91,3,1,0
BRDA:97,4,0,0
BRDA:97,4,1,0
BRDA:134,5,0,0
BRDA:134,5,1,0
BRF:13
BRH:0
end_of_record
TN:
SF:src\screens\SignIn\index.tsx
FN:25,SignIn
FN:30,handleSighInWithGoogle
FN:42,handleSignInWithApple
FNF:3
FNH:0
FNDA:0,SignIn
FNDA:0,handleSighInWithGoogle
FNDA:0,handleSignInWithApple
DA:26,0
DA:27,0
DA:28,0
DA:31,0
DA:32,0
DA:33,0
DA:36,0
DA:37,0
DA:38,0
DA:43,0
DA:44,0
DA:45,0
DA:48,0
DA:49,0
DA:50,0
DA:54,0
LF:16
LH:0
BRDA:84,0,0,0
BRDA:84,0,1,0
BRDA:93,1,0,0
BRDA:93,1,1,0
BRF:4
BRH:0
end_of_record
